Exporter version: 6.4.3, Blender version: 2.82 (sub 7)
========= Conversion from Blender to Babylon.js =========
	Scene settings used :
		Inline textures     :  false
		Material Type       :  PBR
		Positions Precision :  4
		Normals Precision   :  3
		UVs Precision       :  3
		Vert Color Precision:  3
		Mat Weight Precision:  2
		Keep Z-up r-handed  :  no
		Texture directory   :  C:\Users\mayag\OneDrive\Desktop\Coding\gitHub\Portfolio Reconstruction\
	Python World class constructor completed
	WARNING: No active camera has been assigned, or is not in a currently selected Blender layer
	processing begun of mesh:  FaceBuilderHead
		processing begun of material:  Material.001
			WARNING: unsupported node type(ShaderNodeAddShader) will trigger baking
			bake time:  0 min, 0.1995 secs
		Custom split normals with tangents being used
		num positions      :  17326
		num normals        :  17326
		num tangents       :  69304
		num uvs            :  34652
		num uvs2           :  0
		num colors         :  0
		num triangles      :  34382
========= Writing of JSON file started =========
	writing mesh:  FaceBuilderHead
========= Writing of JSON file completed =========
========= end of processing =========
elapsed time:  0 min, 7.5485 secs
